# JRE version: Java(TM) SE Runtime Environment (16.0.2+7) (build 16.0.2+7-67)
# Java VM: Java HotSpot(TM) 64-Bit Server VM (16.0.2+7-67, mixed mode, sharing, tiered, compressed oops, compressed class ptrs, g1 gc, windows-amd64)
GC Precious Log:
 CPUs: 8 total, 8 available
 Memory: 30629M
 Large Page Support: Disabled
 NUMA Support: Disabled
 Compressed Oops: Enabled (Zero based)
 Heap Region Size: 4M
 Heap Min Capacity: 8M
 Heap Initial Capacity: 480M
 Heap Max Capacity: 7660M
 Pre-touch: Disabled
 Parallel Workers: 8
 Concurrent Workers: 2
 Concurrent Refinement Workers: 8
 Periodic GC: Disabled
Heap:
 garbage-first heap   total 479232K, used 188975K [0x0000000621400000, 0x0000000800000000)
  region size 4096K, 13 young (53248K), 2 survivors (8192K)
 Metaspace       used 45897K, committed 46144K, reserved 1097728K
  class space    used 4645K, committed 4736K, reserved 1048576K
GC Heap History (20 events):
Event: 10.943 GC heap before
{Heap before GC invocations=8 (full 0):
 garbage-first heap   total 114688K, used 77064K [0x0000000621400000, 0x0000000800000000)
  region size 4096K, 3 young (12288K), 1 survivors (4096K)
 Metaspace       used 39223K, committed 39424K, reserved 1089536K
  class space    used 4077K, committed 4160K, reserved 1048576K
}
Event: 10.946 GC heap after
{Heap after GC invocations=9 (full 0):
 garbage-first heap   total 114688K, used 77623K [0x0000000621400000, 0x0000000800000000)
  region size 4096K, 1 young (4096K), 1 survivors (4096K)
 Metaspace       used 39223K, committed 39424K, reserved 1089536K
  class space    used 4077K, committed 4160K, reserved 1048576K
}
Event: 10.964 GC heap before
{Heap before GC invocations=9 (full 0):
 garbage-first heap   total 114688K, used 81719K [0x0000000621400000, 0x0000000800000000)
  region size 4096K, 2 young (8192K), 1 survivors (4096K)
 Metaspace       used 39223K, committed 39424K, reserved 1089536K
  class space    used 4077K, committed 4160K, reserved 1048576K
}
Event: 10.967 GC heap after
{Heap after GC invocations=10 (full 0):
 garbage-first heap   total 114688K, used 82286K [0x0000000621400000, 0x0000000800000000)
  region size 4096K, 1 young (4096K), 1 survivors (4096K)
 Metaspace       used 39223K, committed 39424K, reserved 1089536K
  class space    used 4077K, committed 4160K, reserved 1048576K
}
Event: 10.986 GC heap before
{Heap before GC invocations=10 (full 0):
 garbage-first heap   total 151552K, used 86382K [0x0000000621400000, 0x0000000800000000)
  region size 4096K, 2 young (8192K), 1 survivors (4096K)
 Metaspace       used 39223K, committed 39424K, reserved 1089536K
  class space    used 4077K, committed 4160K, reserved 1048576K
}
Event: 10.988 GC heap after
{Heap after GC invocations=11 (full 0):
 garbage-first heap   total 303104K, used 86904K [0x0000000621400000, 0x0000000800000000)
  region size 4096K, 1 young (4096K), 1 survivors (4096K)
 Metaspace       used 39223K, committed 39424K, reserved 1089536K
  class space    used 4077K, committed 4160K, reserved 1048576K
}
Event: 11.738 GC heap before
{Heap before GC invocations=12 (full 0):
 garbage-first heap   total 303104K, used 144248K [0x0000000621400000, 0x0000000800000000)
  region size 4096K, 16 young (65536K), 1 survivors (4096K)
 Metaspace       used 41231K, committed 41472K, reserved 1089536K
  class space    used 4284K, committed 4416K, reserved 1048576K
}
Event: 11.747 GC heap after
{Heap after GC invocations=13 (full 0):
 garbage-first heap   total 303104K, used 123791K [0x0000000621400000, 0x0000000800000000)
  region size 4096K, 2 young (8192K), 2 survivors (8192K)
 Metaspace       used 41231K, committed 41472K, reserved 1089536K
  class space    used 4284K, committed 4416K, reserved 1048576K
}
Event: 11.774 GC heap before
{Heap before GC invocations=13 (full 0):
 garbage-first heap   total 303104K, used 123791K [0x0000000621400000, 0x0000000800000000)
  region size 4096K, 3 young (12288K), 2 survivors (8192K)
 Metaspace       used 41233K, committed 41472K, reserved 1089536K
  class space    used 4284K, committed 4416K, reserved 1048576K
}
Event: 11.779 GC heap after
{Heap after GC invocations=14 (full 0):
 garbage-first heap   total 303104K, used 103532K [0x0000000621400000, 0x0000000800000000)
  region size 4096K, 1 young (4096K), 1 survivors (4096K)
 Metaspace       used 41233K, committed 41472K, reserved 1089536K
  class space    used 4284K, committed 4416K, reserved 1048576K
}
Event: 19.609 GC heap before
{Heap before GC invocations=14 (full 0):
 garbage-first heap   total 303104K, used 156780K [0x0000000621400000, 0x0000000800000000)
  region size 4096K, 15 young (61440K), 1 survivors (4096K)
 Metaspace       used 42466K, committed 42688K, reserved 1089536K
  class space    used 4331K, committed 4416K, reserved 1048576K
}
Event: 19.612 GC heap after
{Heap after GC invocations=15 (full 0):
 garbage-first heap   total 303104K, used 108985K [0x0000000621400000, 0x0000000800000000)
  region size 4096K, 2 young (8192K), 2 survivors (8192K)
 Metaspace       used 42466K, committed 42688K, reserved 1089536K
  class space    used 4331K, committed 4416K, reserved 1048576K
}
Event: 24.081 GC heap before
{Heap before GC invocations=15 (full 0):
 garbage-first heap   total 303104K, used 170425K [0x0000000621400000, 0x0000000800000000)
  region size 4096K, 17 young (69632K), 2 survivors (8192K)
 Metaspace       used 43530K, committed 43776K, reserved 1089536K
  class space    used 4394K, committed 4480K, reserved 1048576K
}
Event: 24.087 GC heap after
{Heap after GC invocations=16 (full 0):
 garbage-first heap   total 303104K, used 121846K [0x0000000621400000, 0x0000000800000000)
  region size 4096K, 3 young (12288K), 3 survivors (12288K)
 Metaspace       used 43530K, committed 43776K, reserved 1089536K
  class space    used 4394K, committed 4480K, reserved 1048576K
}
Event: 24.515 GC heap before
{Heap before GC invocations=16 (full 0):
 garbage-first heap   total 303104K, used 187382K [0x0000000621400000, 0x0000000800000000)
  region size 4096K, 19 young (77824K), 3 survivors (12288K)
 Metaspace       used 44491K, committed 44672K, reserved 1089536K
  class space    used 4521K, committed 4608K, reserved 1048576K
}
Event: 24.524 GC heap after
{Heap after GC invocations=17 (full 0):
 garbage-first heap   total 303104K, used 138471K [0x0000000621400000, 0x0000000800000000)
  region size 4096K, 3 young (12288K), 3 survivors (12288K)
 Metaspace       used 44491K, committed 44672K, reserved 1089536K
  class space    used 4521K, committed 4608K, reserved 1048576K
}
Event: 24.742 GC heap before
{Heap before GC invocations=17 (full 0):
 garbage-first heap   total 303104K, used 195815K [0x0000000621400000, 0x0000000800000000)
  region size 4096K, 17 young (69632K), 3 survivors (12288K)
 Metaspace       used 45216K, committed 45440K, reserved 1097728K
  class space    used 4615K, committed 4736K, reserved 1048576K
}
Event: 24.751 GC heap after
{Heap after GC invocations=18 (full 0):
 garbage-first heap   total 303104K, used 147148K [0x0000000621400000, 0x0000000800000000)
  region size 4096K, 2 young (8192K), 2 survivors (8192K)
 Metaspace       used 45216K, committed 45440K, reserved 1097728K
  class space    used 4615K, committed 4736K, reserved 1048576K
}
Event: 25.089 GC heap before
{Heap before GC invocations=18 (full 0):
 garbage-first heap   total 303104K, used 200396K [0x0000000621400000, 0x0000000800000000)
  region size 4096K, 16 young (65536K), 2 survivors (8192K)
 Metaspace       used 45685K, committed 45952K, reserved 1097728K
  class space    used 4639K, committed 4736K, reserved 1048576K
}
Event: 25.096 GC heap after
{Heap after GC invocations=19 (full 0):
 garbage-first heap   total 479232K, used 152111K [0x0000000621400000, 0x0000000800000000)
  region size 4096K, 2 young (8192K), 2 survivors (8192K)
 Metaspace       used 45685K, committed 45952K, reserved 1097728K
  class space    used 4639K, committed 4736K, reserved 1048576K
}

